<?xml version="1.0" encoding="UTF-8"?>
<testng-results ignored="0" total="5" passed="5" failed="0" skipped="0">
  <reporter-output>
  </reporter-output>
  <suite started-at="2024-11-13T18:35:07 IST" name="Default suite" finished-at="2024-11-13T18:35:10 IST" duration-ms="3170">
    <groups>
    </groups>
    <test started-at="2024-11-13T18:35:07 IST" name="Default test" finished-at="2024-11-13T18:35:10 IST" duration-ms="3170">
      <class name="com.qa.opencart.tests.LoginPageTest">
        <test-method is-config="true" signature="setUp()[pri:0, instance:com.qa.opencart.tests.LoginPageTest@548a24a]" started-at="2024-11-13T18:35:07 IST" name="setUp" finished-at="2024-11-13T18:35:10 IST" duration-ms="2688" status="PASS">
          <reporter-output>
          </reporter-output>
        </test-method> <!-- setUp -->
        <test-method signature="loginPageTitleTest()[pri:1, instance:com.qa.opencart.tests.LoginPageTest@548a24a]" started-at="2024-11-13T18:35:10 IST" name="loginPageTitleTest" finished-at="2024-11-13T18:35:10 IST" duration-ms="37" status="PASS">
          <reporter-output>
          </reporter-output>
        </test-method> <!-- loginPageTitleTest -->
        <test-method signature="loginPageUrlTest()[pri:2, instance:com.qa.opencart.tests.LoginPageTest@548a24a]" started-at="2024-11-13T18:35:10 IST" name="loginPageUrlTest" finished-at="2024-11-13T18:35:10 IST" duration-ms="8" status="PASS">
          <reporter-output>
          </reporter-output>
        </test-method> <!-- loginPageUrlTest -->
        <test-method signature="forgotPwdLinkTest()[pri:3, instance:com.qa.opencart.tests.LoginPageTest@548a24a]" started-at="2024-11-13T18:35:10 IST" name="forgotPwdLinkTest" finished-at="2024-11-13T18:35:10 IST" duration-ms="31" status="PASS">
          <reporter-output>
          </reporter-output>
        </test-method> <!-- forgotPwdLinkTest -->
        <test-method signature="regirsterLinkTest()[pri:4, instance:com.qa.opencart.tests.LoginPageTest@548a24a]" started-at="2024-11-13T18:35:10 IST" name="regirsterLinkTest" finished-at="2024-11-13T18:35:10 IST" duration-ms="22" status="PASS">
          <reporter-output>
          </reporter-output>
        </test-method> <!-- regirsterLinkTest -->
        <test-method signature="loginTest()[pri:5, instance:com.qa.opencart.tests.LoginPageTest@548a24a]" started-at="2024-11-13T18:35:10 IST" name="loginTest" finished-at="2024-11-13T18:35:10 IST" duration-ms="201" status="PASS">
          <reporter-output>
          </reporter-output>
        </test-method> <!-- loginTest -->
        <test-method is-config="true" signature="tearDown()[pri:0, instance:com.qa.opencart.tests.LoginPageTest@548a24a]" started-at="2024-11-13T18:35:10 IST" name="tearDown" finished-at="2024-11-13T18:35:10 IST" duration-ms="117" status="PASS">
          <reporter-output>
          </reporter-output>
        </test-method> <!-- tearDown -->
      </class> <!-- com.qa.opencart.tests.LoginPageTest -->
    </test> <!-- Default test -->
  </suite> <!-- Default suite -->
</testng-results>
